# JRE version: OpenJDK Runtime Environment Temurin-21.0.8+9 (21.0.8+9) (build 21.0.8+9-LTS)
# Java VM: OpenJDK 64-Bit Server VM Temurin-21.0.8+9 (21.0.8+9-LTS, mixed mode, sharing, tiered, compressed oops, compressed class ptrs, parallel gc, windows-amd64)
GC Precious Log:
 CardTable entry size: 512
 CPUs: 12 total, 12 available
 Memory: 15557M
 Large Page Support: Disabled
 NUMA Support: Disabled
 Compressed Oops: Enabled (32-bit)
 Alignments: Space 512K, Generation 512K, Heap 2M
 Heap Min Capacity: 100M
 Heap Initial Capacity: 100M
 Heap Max Capacity: 2G
 Pre-touch: Disabled
 Parallel Workers: 10
Heap:
 PSYoungGen      total 4608K, used 4501K [0x00000000d5580000, 0x00000000d5d00000, 0x0000000100000000)
  eden space 2560K, 95% used [0x00000000d5580000,0x00000000d57e5778,0x00000000d5800000)
  from space 2048K, 100% used [0x00000000d5800000,0x00000000d5a00000,0x00000000d5a00000)
  to   space 2560K, 0% used [0x00000000d5a80000,0x00000000d5a80000,0x00000000d5d00000)
 ParOldGen       total 380416K, used 380034K [0x0000000080000000, 0x0000000097380000, 0x00000000d5580000)
  object space 380416K, 99% used [0x0000000080000000,0x0000000097320948,0x0000000097380000)
 Metaspace       used 111897K, committed 113536K, reserved 1179648K
  class space    used 12509K, committed 13312K, reserved 1048576K
GC Heap History (20 events):
Event: 105244.111 GC heap before
{Heap before GC invocations=10778 (full 11):
 PSYoungGen      total 6144K, used 6067K [0x00000000d5580000, 0x00000000d5c80000, 0x0000000100000000)
  eden space 5120K, 100% used [0x00000000d5580000,0x00000000d5a80000,0x00000000d5a80000)
  from space 1024K, 92% used [0x00000000d5a80000,0x00000000d5b6ce48,0x00000000d5b80000)
  to   space 1024K, 0% used [0x00000000d5b80000,0x00000000d5b80000,0x00000000d5c80000)
 ParOldGen       total 371712K, used 371499K [0x0000000080000000, 0x0000000096b00000, 0x00000000d5580000)
  object space 371712K, 99% used [0x0000000080000000,0x0000000096acaec0,0x0000000096b00000)
 Metaspace       used 111896K, committed 113536K, reserved 1179648K
  class space    used 12509K, committed 13312K, reserved 1048576K
}
Event: 105244.113 GC heap after
{Heap after GC invocations=10778 (full 11):
 PSYoungGen      total 6144K, used 638K [0x00000000d5580000, 0x00000000d5c80000, 0x0000000100000000)
  eden space 5120K, 0% used [0x00000000d5580000,0x00000000d5580000,0x00000000d5a80000)
  from space 1024K, 62% used [0x00000000d5b80000,0x00000000d5c1f890,0x00000000d5c80000)
  to   space 1024K, 0% used [0x00000000d5a80000,0x00000000d5a80000,0x00000000d5b80000)
 ParOldGen       total 372224K, used 372103K [0x0000000080000000, 0x0000000096b80000, 0x00000000d5580000)
  object space 372224K, 99% used [0x0000000080000000,0x0000000096b61e38,0x0000000096b80000)
 Metaspace       used 111896K, committed 113536K, reserved 1179648K
  class space    used 12509K, committed 13312K, reserved 1048576K
}
Event: 105245.878 GC heap before
{Heap before GC invocations=10779 (full 11):
 PSYoungGen      total 6144K, used 5758K [0x00000000d5580000, 0x00000000d5c80000, 0x0000000100000000)
  eden space 5120K, 100% used [0x00000000d5580000,0x00000000d5a80000,0x00000000d5a80000)
  from space 1024K, 62% used [0x00000000d5b80000,0x00000000d5c1f890,0x00000000d5c80000)
  to   space 1024K, 0% used [0x00000000d5a80000,0x00000000d5a80000,0x00000000d5b80000)
 ParOldGen       total 372224K, used 372103K [0x0000000080000000, 0x0000000096b80000, 0x00000000d5580000)
  object space 372224K, 99% used [0x0000000080000000,0x0000000096b61e38,0x0000000096b80000)
 Metaspace       used 111896K, committed 113536K, reserved 1179648K
  class space    used 12509K, committed 13312K, reserved 1048576K
}
Event: 105245.880 GC heap after
{Heap after GC invocations=10779 (full 11):
 PSYoungGen      total 6144K, used 506K [0x00000000d5580000, 0x00000000d5c80000, 0x0000000100000000)
  eden space 5120K, 0% used [0x00000000d5580000,0x00000000d5580000,0x00000000d5a80000)
  from space 1024K, 49% used [0x00000000d5a80000,0x00000000d5afe900,0x00000000d5b80000)
  to   space 1024K, 0% used [0x00000000d5b80000,0x00000000d5b80000,0x00000000d5c80000)
 ParOldGen       total 372224K, used 372135K [0x0000000080000000, 0x0000000096b80000, 0x00000000d5580000)
  object space 372224K, 99% used [0x0000000080000000,0x0000000096b69e38,0x0000000096b80000)
 Metaspace       used 111896K, committed 113536K, reserved 1179648K
  class space    used 12509K, committed 13312K, reserved 1048576K
}
Event: 105245.892 GC heap before
{Heap before GC invocations=10780 (full 11):
 PSYoungGen      total 6144K, used 5626K [0x00000000d5580000, 0x00000000d5c80000, 0x0000000100000000)
  eden space 5120K, 100% used [0x00000000d5580000,0x00000000d5a80000,0x00000000d5a80000)
  from space 1024K, 49% used [0x00000000d5a80000,0x00000000d5afe900,0x00000000d5b80000)
  to   space 1024K, 0% used [0x00000000d5b80000,0x00000000d5b80000,0x00000000d5c80000)
 ParOldGen       total 372224K, used 372135K [0x0000000080000000, 0x0000000096b80000, 0x00000000d5580000)
  object space 372224K, 99% used [0x0000000080000000,0x0000000096b69e38,0x0000000096b80000)
 Metaspace       used 111896K, committed 113536K, reserved 1179648K
  class space    used 12509K, committed 13312K, reserved 1048576K
}
Event: 105245.894 GC heap after
{Heap after GC invocations=10780 (full 11):
 PSYoungGen      total 3584K, used 1022K [0x00000000d5580000, 0x00000000d6180000, 0x0000000100000000)
  eden space 2560K, 0% used [0x00000000d5580000,0x00000000d5580000,0x00000000d5800000)
  from space 1024K, 99% used [0x00000000d5b80000,0x00000000d5c7f890,0x00000000d5c80000)
  to   space 3584K, 0% used [0x00000000d5800000,0x00000000d5800000,0x00000000d5b80000)
 ParOldGen       total 374272K, used 374112K [0x0000000080000000, 0x0000000096d80000, 0x00000000d5580000)
  object space 374272K, 99% used [0x0000000080000000,0x0000000096d583f8,0x0000000096d80000)
 Metaspace       used 111896K, committed 113536K, reserved 1179648K
  class space    used 12509K, committed 13312K, reserved 1048576K
}
Event: 105247.061 GC heap before
{Heap before GC invocations=10781 (full 11):
 PSYoungGen      total 3584K, used 3582K [0x00000000d5580000, 0x00000000d6180000, 0x0000000100000000)
  eden space 2560K, 100% used [0x00000000d5580000,0x00000000d5800000,0x00000000d5800000)
  from space 1024K, 99% used [0x00000000d5b80000,0x00000000d5c7f890,0x00000000d5c80000)
  to   space 3584K, 0% used [0x00000000d5800000,0x00000000d5800000,0x00000000d5b80000)
 ParOldGen       total 374272K, used 374112K [0x0000000080000000, 0x0000000096d80000, 0x00000000d5580000)
  object space 374272K, 99% used [0x0000000080000000,0x0000000096d583f8,0x0000000096d80000)
 Metaspace       used 111896K, committed 113536K, reserved 1179648K
  class space    used 12509K, committed 13312K, reserved 1048576K
}
Event: 105247.064 GC heap after
{Heap after GC invocations=10781 (full 11):
 PSYoungGen      total 3072K, used 416K [0x00000000d5580000, 0x00000000d5c00000, 0x0000000100000000)
  eden space 2560K, 0% used [0x00000000d5580000,0x00000000d5580000,0x00000000d5800000)
  from space 512K, 81% used [0x00000000d5800000,0x00000000d5868000,0x00000000d5880000)
  to   space 1536K, 0% used [0x00000000d5a80000,0x00000000d5a80000,0x00000000d5c00000)
 ParOldGen       total 374784K, used 374355K [0x0000000080000000, 0x0000000096e00000, 0x00000000d5580000)
  object space 374784K, 99% used [0x0000000080000000,0x0000000096d94ef0,0x0000000096e00000)
 Metaspace       used 111896K, committed 113536K, reserved 1179648K
  class space    used 12509K, committed 13312K, reserved 1048576K
}
Event: 105248.336 GC heap before
{Heap before GC invocations=10782 (full 11):
 PSYoungGen      total 3072K, used 2976K [0x00000000d5580000, 0x00000000d5c00000, 0x0000000100000000)
  eden space 2560K, 100% used [0x00000000d5580000,0x00000000d5800000,0x00000000d5800000)
  from space 512K, 81% used [0x00000000d5800000,0x00000000d5868000,0x00000000d5880000)
  to   space 1536K, 0% used [0x00000000d5a80000,0x00000000d5a80000,0x00000000d5c00000)
 ParOldGen       total 374784K, used 374355K [0x0000000080000000, 0x0000000096e00000, 0x00000000d5580000)
  object space 374784K, 99% used [0x0000000080000000,0x0000000096d94ef0,0x0000000096e00000)
 Metaspace       used 111897K, committed 113536K, reserved 1179648K
  class space    used 12509K, committed 13312K, reserved 1048576K
}
Event: 105248.338 GC heap after
{Heap after GC invocations=10782 (full 11):
 PSYoungGen      total 3072K, used 218K [0x00000000d5580000, 0x00000000d5b00000, 0x0000000100000000)
  eden space 2560K, 0% used [0x00000000d5580000,0x00000000d5580000,0x00000000d5800000)
  from space 512K, 42% used [0x00000000d5a80000,0x00000000d5ab6900,0x00000000d5b00000)
  to   space 512K, 0% used [0x00000000d5800000,0x00000000d5800000,0x00000000d5880000)
 ParOldGen       total 374784K, used 374403K [0x0000000080000000, 0x0000000096e00000, 0x00000000d5580000)
  object space 374784K, 99% used [0x0000000080000000,0x0000000096da0ef0,0x0000000096e00000)
 Metaspace       used 111897K, committed 113536K, reserved 1179648K
  class space    used 12509K, committed 13312K, reserved 1048576K
}
Event: 105248.341 GC heap before
{Heap before GC invocations=10783 (full 11):
 PSYoungGen      total 3072K, used 2778K [0x00000000d5580000, 0x00000000d5b00000, 0x0000000100000000)
  eden space 2560K, 100% used [0x00000000d5580000,0x00000000d5800000,0x00000000d5800000)
  from space 512K, 42% used [0x00000000d5a80000,0x00000000d5ab6900,0x00000000d5b00000)
  to   space 512K, 0% used [0x00000000d5800000,0x00000000d5800000,0x00000000d5880000)
 ParOldGen       total 374784K, used 374403K [0x0000000080000000, 0x0000000096e00000, 0x00000000d5580000)
  object space 374784K, 99% used [0x0000000080000000,0x0000000096da0ef0,0x0000000096e00000)
 Metaspace       used 111897K, committed 113536K, reserved 1179648K
  class space    used 12509K, committed 13312K, reserved 1048576K
}
Event: 105248.344 GC heap after
{Heap after GC invocations=10783 (full 11):
 PSYoungGen      total 3072K, used 512K [0x00000000d5580000, 0x00000000d5b00000, 0x0000000100000000)
  eden space 2560K, 0% used [0x00000000d5580000,0x00000000d5580000,0x00000000d5800000)
  from space 512K, 100% used [0x00000000d5800000,0x00000000d5880000,0x00000000d5880000)
  to   space 1024K, 0% used [0x00000000d5a00000,0x00000000d5a00000,0x00000000d5b00000)
 ParOldGen       total 374784K, used 374544K [0x0000000080000000, 0x0000000096e00000, 0x00000000d5580000)
  object space 374784K, 99% used [0x0000000080000000,0x0000000096dc40f0,0x0000000096e00000)
 Metaspace       used 111897K, committed 113536K, reserved 1179648K
  class space    used 12509K, committed 13312K, reserved 1048576K
}
Event: 105248.356 GC heap before
{Heap before GC invocations=10784 (full 11):
 PSYoungGen      total 3072K, used 3072K [0x00000000d5580000, 0x00000000d5b00000, 0x0000000100000000)
  eden space 2560K, 100% used [0x00000000d5580000,0x00000000d5800000,0x00000000d5800000)
  from space 512K, 100% used [0x00000000d5800000,0x00000000d5880000,0x00000000d5880000)
  to   space 1024K, 0% used [0x00000000d5a00000,0x00000000d5a00000,0x00000000d5b00000)
 ParOldGen       total 374784K, used 374544K [0x0000000080000000, 0x0000000096e00000, 0x00000000d5580000)
  object space 374784K, 99% used [0x0000000080000000,0x0000000096dc40f0,0x0000000096e00000)
 Metaspace       used 111897K, committed 113536K, reserved 1179648K
  class space    used 12509K, committed 13312K, reserved 1048576K
}
Event: 105248.358 GC heap after
{Heap after GC invocations=10784 (full 11):
 PSYoungGen      total 3072K, used 1022K [0x00000000d5580000, 0x00000000d5d00000, 0x0000000100000000)
  eden space 2048K, 0% used [0x00000000d5580000,0x00000000d5580000,0x00000000d5780000)
  from space 1024K, 99% used [0x00000000d5a00000,0x00000000d5aff890,0x00000000d5b00000)
  to   space 2560K, 0% used [0x00000000d5780000,0x00000000d5780000,0x00000000d5a00000)
 ParOldGen       total 375808K, used 375406K [0x0000000080000000, 0x0000000096f00000, 0x00000000d5580000)
  object space 375808K, 99% used [0x0000000080000000,0x0000000096e9b828,0x0000000096f00000)
 Metaspace       used 111897K, committed 113536K, reserved 1179648K
  class space    used 12509K, committed 13312K, reserved 1048576K
}
Event: 105248.364 GC heap before
{Heap before GC invocations=10785 (full 11):
 PSYoungGen      total 3072K, used 3070K [0x00000000d5580000, 0x00000000d5d00000, 0x0000000100000000)
  eden space 2048K, 100% used [0x00000000d5580000,0x00000000d5780000,0x00000000d5780000)
  from space 1024K, 99% used [0x00000000d5a00000,0x00000000d5aff890,0x00000000d5b00000)
  to   space 2560K, 0% used [0x00000000d5780000,0x00000000d5780000,0x00000000d5a00000)
 ParOldGen       total 375808K, used 375406K [0x0000000080000000, 0x0000000096f00000, 0x00000000d5580000)
  object space 375808K, 99% used [0x0000000080000000,0x0000000096e9b828,0x0000000096f00000)
 Metaspace       used 111897K, committed 113536K, reserved 1179648K
  class space    used 12509K, committed 13312K, reserved 1048576K
}
Event: 105248.367 GC heap after
{Heap after GC invocations=10785 (full 11):
 PSYoungGen      total 4608K, used 2144K [0x00000000d5580000, 0x00000000d5c80000, 0x0000000100000000)
  eden space 2048K, 0% used [0x00000000d5580000,0x00000000d5580000,0x00000000d5780000)
  from space 2560K, 83% used [0x00000000d5780000,0x00000000d5998000,0x00000000d5a00000)
  to   space 2560K, 0% used [0x00000000d5a00000,0x00000000d5a00000,0x00000000d5c80000)
 ParOldGen       total 376832K, used 376476K [0x0000000080000000, 0x0000000097000000, 0x00000000d5580000)
  object space 376832K, 99% used [0x0000000080000000,0x0000000096fa70b8,0x0000000097000000)
 Metaspace       used 111897K, committed 113536K, reserved 1179648K
  class space    used 12509K, committed 13312K, reserved 1048576K
}
Event: 105248.373 GC heap before
{Heap before GC invocations=10786 (full 11):
 PSYoungGen      total 4608K, used 4192K [0x00000000d5580000, 0x00000000d5c80000, 0x0000000100000000)
  eden space 2048K, 100% used [0x00000000d5580000,0x00000000d5780000,0x00000000d5780000)
  from space 2560K, 83% used [0x00000000d5780000,0x00000000d5998000,0x00000000d5a00000)
  to   space 2560K, 0% used [0x00000000d5a00000,0x00000000d5a00000,0x00000000d5c80000)
 ParOldGen       total 376832K, used 376476K [0x0000000080000000, 0x0000000097000000, 0x00000000d5580000)
  object space 376832K, 99% used [0x0000000080000000,0x0000000096fa70b8,0x0000000097000000)
 Metaspace       used 111897K, committed 113536K, reserved 1179648K
  class space    used 12509K, committed 13312K, reserved 1048576K
}
Event: 105248.376 GC heap after
{Heap after GC invocations=10786 (full 11):
 PSYoungGen      total 4096K, used 1566K [0x00000000d5580000, 0x00000000d5c00000, 0x0000000100000000)
  eden space 2048K, 0% used [0x00000000d5580000,0x00000000d5580000,0x00000000d5780000)
  from space 2048K, 76% used [0x00000000d5a00000,0x00000000d5b87890,0x00000000d5c00000)
  to   space 2048K, 0% used [0x00000000d5800000,0x00000000d5800000,0x00000000d5a00000)
 ParOldGen       total 378880K, used 378540K [0x0000000080000000, 0x0000000097200000, 0x00000000d5580000)
  object space 378880K, 99% used [0x0000000080000000,0x00000000971ab0b8,0x0000000097200000)
 Metaspace       used 111897K, committed 113536K, reserved 1179648K
  class space    used 12509K, committed 13312K, reserved 1048576K
}
Event: 105248.382 GC heap before
{Heap before GC invocations=10787 (full 11):
 PSYoungGen      total 4096K, used 3614K [0x00000000d5580000, 0x00000000d5c00000, 0x0000000100000000)
  eden space 2048K, 100% used [0x00000000d5580000,0x00000000d5780000,0x00000000d5780000)
  from space 2048K, 76% used [0x00000000d5a00000,0x00000000d5b87890,0x00000000d5c00000)
  to   space 2048K, 0% used [0x00000000d5800000,0x00000000d5800000,0x00000000d5a00000)
 ParOldGen       total 378880K, used 378540K [0x0000000080000000, 0x0000000097200000, 0x00000000d5580000)
  object space 378880K, 99% used [0x0000000080000000,0x00000000971ab0b8,0x0000000097200000)
 Metaspace       used 111897K, committed 113536K, reserved 1179648K
  class space    used 12509K, committed 13312K, reserved 1048576K
}
Event: 105248.385 GC heap after
{Heap after GC invocations=10787 (full 11):
 PSYoungGen      total 4608K, used 2048K [0x00000000d5580000, 0x00000000d5d00000, 0x0000000100000000)
  eden space 2560K, 0% used [0x00000000d5580000,0x00000000d5580000,0x00000000d5800000)
  from space 2048K, 100% used [0x00000000d5800000,0x00000000d5a00000,0x00000000d5a00000)
  to   space 2560K, 0% used [0x00000000d5a80000,0x00000000d5a80000,0x00000000d5d00000)
 ParOldGen       total 380416K, used 380034K [0x0000000080000000, 0x0000000097380000, 0x00000000d5580000)
  object space 380416K, 99% used [0x0000000080000000,0x0000000097320948,0x0000000097380000)
 Metaspace       used 111897K, committed 113536K, reserved 1179648K
  class space    used 12509K, committed 13312K, reserved 1048576K
}

